<?xml version="1.0"?><coverage lines-covered="133" lines-valid="224" line-rate="0.59375" branches-covered="0" branches-valid="0" branch-rate="0" complexity="0" version="1.9" timestamp="1753603192"><sources><source>/home/runner/work/pb/pb</source></sources><packages><package name="src" line-rate="0.59375" branch-rate="0" complexity="0"><classes><class name="cli" filename="src/cli.rs" line-rate="0.6086956521739131" branch-rate="0" complexity="0"><methods/><lines><line number="33" hits="0"/><line number="34" hits="0"/><line number="36" hits="0"/><line number="39" hits="0"/><line number="40" hits="0"/><line number="42" hits="0"/><line number="46" hits="0"/><line number="51" hits="0"/><line number="52" hits="0"/><line number="59" hits="2"/><line number="61" hits="2"/><line number="62" hits="1"/><line number="65" hits="2"/><line number="66" hits="1"/><line number="69" hits="2"/><line number="70" hits="1"/><line number="75" hits="2"/><line number="79" hits="4"/><line number="80" hits="5"/><line number="84" hits="8"/><line number="85" hits="7"/><line number="89" hits="5"/><line number="90" hits="4"/></lines></class><class name="error" filename="src/error.rs" line-rate="0.6666666666666666" branch-rate="0" complexity="0"><methods/><lines><line number="36" hits="0"/><line number="38" hits="0"/><line number="40" hits="6"/><line number="42" hits="5"/><line number="47" hits="3"/><line number="49" hits="5"/></lines></class><class name="main" filename="src/main.rs" line-rate="0" branch-rate="0" complexity="0"><methods/><lines><line number="10" hits="0"/><line number="12" hits="0"/><line number="13" hits="0"/><line number="14" hits="0"/><line number="15" hits="0"/><line number="16" hits="0"/><line number="21" hits="0"/><line number="22" hits="0"/><line number="23" hits="0"/><line number="24" hits="0"/><line number="25" hits="0"/><line number="29" hits="0"/><line number="30" hits="0"/><line number="31" hits="0"/><line number="32" hits="0"/><line number="33" hits="0"/><line number="38" hits="0"/><line number="39" hits="0"/><line number="40" hits="0"/><line number="43" hits="0"/><line number="44" hits="0"/><line number="45" hits="0"/><line number="46" hits="0"/><line number="47" hits="0"/><line number="50" hits="0"/><line number="53" hits="0"/><line number="54" hits="0"/><line number="58" hits="0"/><line number="59" hits="0"/><line number="60" hits="0"/><line number="62" hits="0"/><line number="66" hits="0"/><line number="67" hits="0"/><line number="68" hits="0"/><line number="69" hits="0"/><line number="71" hits="0"/><line number="72" hits="0"/><line number="76" hits="0"/><line number="79" hits="0"/><line number="81" hits="0"/><line number="83" hits="0"/><line number="84" hits="0"/><line number="86" hits="0"/><line number="87" hits="0"/><line number="88" hits="0"/><line number="94" hits="0"/><line number="100" hits="0"/><line number="101" hits="0"/><line number="105" hits="0"/><line number="106" hits="0"/><line number="109" hits="0"/><line number="112" hits="0"/><line number="114" hits="0"/><line number="115" hits="0"/><line number="118" hits="0"/><line number="122" hits="0"/><line number="123" hits="0"/><line number="124" hits="0"/><line number="126" hits="0"/><line number="132" hits="0"/><line number="133" hits="0"/><line number="134" hits="0"/><line number="135" hits="0"/><line number="138" hits="0"/><line number="139" hits="0"/><line number="145" hits="0"/><line number="146" hits="0"/><line number="151" hits="0"/><line number="155" hits="0"/><line number="159" hits="0"/></lines></class><class name="progress_bar" filename="src/progress_bar.rs" line-rate="1" branch-rate="0" complexity="0"><methods/><lines><line number="64" hits="7"/><line number="65" hits="8"/><line number="66" hits="10"/><line number="69" hits="10"/><line number="70" hits="3"/><line number="74" hits="9"/><line number="75" hits="10"/><line number="77" hits="10"/><line number="80" hits="10"/><line number="139" hits="7"/><line number="141" hits="3"/><line number="144" hits="5"/><line number="147" hits="6"/><line number="150" hits="6"/><line number="151" hits="7"/><line number="154" hits="15"/><line number="208" hits="7"/><line number="209" hits="8"/><line number="212" hits="14"/><line number="213" hits="6"/><line number="215" hits="7"/></lines></class><class name="time_parser" filename="src/time_parser.rs" line-rate="0.9038461538461539" branch-rate="0" complexity="0"><methods/><lines><line number="26" hits="4"/><line number="27" hits="4"/><line number="66" hits="4"/><line number="68" hits="12"/><line number="69" hits="3"/><line number="70" hits="2"/><line number="75" hits="4"/><line number="76" hits="8"/><line number="77" hits="2"/><line number="78" hits="3"/><line number="83" hits="8"/><line number="84" hits="2"/><line number="85" hits="2"/><line number="90" hits="12"/><line number="91" hits="0"/><line number="92" hits="0"/><line number="97" hits="4"/><line number="98" hits="3"/><line number="102" hits="4"/><line number="104" hits="4"/><line number="105" hits="2"/><line number="146" hits="8"/><line number="148" hits="8"/><line number="150" hits="16"/><line number="152" hits="2"/><line number="153" hits="2"/><line number="158" hits="8"/><line number="159" hits="2"/><line number="160" hits="1"/><line number="166" hits="8"/><line number="167" hits="13"/><line number="168" hits="3"/><line number="169" hits="3"/><line number="174" hits="13"/><line number="175" hits="13"/><line number="176" hits="2"/><line number="177" hits="2"/><line number="182" hits="22"/><line number="183" hits="8"/><line number="184" hits="2"/><line number="185" hits="2"/><line number="190" hits="16"/><line number="191" hits="3"/><line number="192" hits="2"/><line number="248" hits="5"/><line number="253" hits="5"/><line number="255" hits="12"/><line number="257" hits="9"/><line number="259" hits="0"/><line number="260" hits="0"/><line number="263" hits="5"/><line number="266" hits="5"/><line number="267" hits="2"/><line number="268" hits="2"/><line number="274" hits="14"/><line number="275" hits="12"/><line number="276" hits="8"/><line number="278" hits="0"/><line number="279" hits="0"/><line number="285" hits="3"/><line number="286" hits="3"/><line number="287" hits="0"/><line number="288" hits="0"/><line number="291" hits="3"/><line number="292" hits="3"/><line number="310" hits="3"/><line number="312" hits="9"/><line number="313" hits="0"/><line number="314" hits="0"/><line number="319" hits="3"/><line number="320" hits="6"/><line number="321" hits="1"/><line number="322" hits="1"/><line number="327" hits="9"/><line number="328" hits="3"/><line number="329" hits="1"/><line number="330" hits="1"/><line number="336" hits="11"/><line number="337" hits="2"/><line number="338" hits="1"/><line number="343" hits="3"/><line number="344" hits="3"/><line number="383" hits="5"/><line number="384" hits="6"/><line number="386" hits="6"/><line number="387" hits="1"/><line number="391" hits="12"/><line number="392" hits="2"/><line number="393" hits="6"/><line number="394" hits="2"/><line number="396" hits="1"/><line number="398" hits="2"/><line number="402" hits="11"/><line number="403" hits="5"/><line number="407" hits="5"/><line number="408" hits="2"/><line number="412" hits="5"/><line number="413" hits="2"/><line number="417" hits="2"/><line number="418" hits="2"/><line number="446" hits="2"/><line number="447" hits="2"/><line number="448" hits="1"/><line number="450" hits="2"/></lines></class></classes></package><package name="tests" line-rate="0" branch-rate="0" complexity="0"><classes></classes></package><package name="tests/common" line-rate="0" branch-rate="0" complexity="0"><classes></classes></package></packages></coverage>